<?xml version="1.0" encoding="UTF-8"?>
<!-- Generated by org.testng.reporters.JUnitReportReporter -->
<testsuite skipped="0" hostname="cursovm" name="com.br.inmetrics.frm.testng.TestClassTemplate" tests="1" failures="0" timestamp="21 dez 2018 04:33:27 GMT" time="69.933" errors="0">
  <testcase name="executeScenario" time="69.933" classname="com.br.inmetrics.frm.testng.TestClassTemplate"/>
</testsuite> <!-- com.br.inmetrics.frm.testng.TestClassTemplate -->
